<?xml version="1.0" encoding="UTF-8"?>
<!-- Generated by org.testng.reporters.JUnitReportReporter -->
<testsuite hostname="DESKTOP-MHD5K99" failures="0" tests="2" name="Regression.Verify_Overall_Cost_types" time="23.806" errors="0" timestamp="2023-07-19T16:41:30 IST" skipped="0">
  <testcase classname="Regression.Verify_Overall_Cost_types" name="createOverallCostTypes" time="13.473"/>
  <testcase classname="Regression.Verify_Overall_Cost_types" name="editOverallCostTypes" time="10.333"/>
</testsuite> <!-- Regression.Verify_Overall_Cost_types -->
