<?xml version="1.0" encoding="UTF-8"?>
<!-- Generated by org.testng.reporters.JUnitReportReporter -->
<testsuite hostname="DESKTOP-MHD5K99" failures="0" tests="2" name="Regression.Verify_Properties_PropertyPriceAndStatus" time="43.574" errors="0" timestamp="2023-08-01T19:51:21 IST" skipped="0">
  <testcase classname="Regression.Verify_Properties_PropertyPriceAndStatus" name="edit_Properties" time="17.995"/>
  <testcase classname="Regression.Verify_Properties_PropertyPriceAndStatus" name="create_Properties" time="25.579"/>
</testsuite> <!-- Regression.Verify_Properties_PropertyPriceAndStatus -->
