<?xml version="1.0" encoding="UTF-8"?>
<!-- Generated by org.testng.reporters.JUnitReportReporter -->
<testsuite hostname="DESKTOP-MHD5K99" failures="0" tests="2" name="Regression.Verify_Properties_Features" time="20.905" errors="0" timestamp="2023-08-01T19:51:21 IST" skipped="0">
  <testcase classname="Regression.Verify_Properties_Features" name="edit_feature" time="10.281"/>
  <testcase classname="Regression.Verify_Properties_Features" name="create_feaure" time="10.624"/>
</testsuite> <!-- Regression.Verify_Properties_Features -->
