<?xml version="1.0" encoding="UTF-8"?>
<!-- Generated by org.testng.reporters.JUnitReportReporter -->
<testsuite hostname="DESKTOP-MHD5K99" failures="0" tests="2" name="Regression.Verify_Overall_Cost_types" time="24.480" errors="0" timestamp="2023-08-01T19:51:21 IST" skipped="0">
  <testcase classname="Regression.Verify_Overall_Cost_types" name="createOverallCostTypes" time="14.196"/>
  <testcase classname="Regression.Verify_Overall_Cost_types" name="editOverallCostTypes" time="10.284"/>
</testsuite> <!-- Regression.Verify_Overall_Cost_types -->
