<?xml version="1.0" encoding="UTF-8"?>
<!-- Generated by org.testng.reporters.JUnitReportReporter -->
<testsuite hostname="DESKTOP-AQPPAKT" failures="0" tests="2" name="randomData_devEnv.Verify_ProjectSetup_Users" time="83.068" errors="0" timestamp="2023-05-15T20:34:16 IST" skipped="0">
  <testcase classname="randomData_devEnv.Verify_ProjectSetup_Users" name="addUser" time="65.161"/>
  <system-out/>
  <testcase classname="randomData_devEnv.Verify_ProjectSetup_Users" name="editUser" time="17.907"/>
  <system-out/>
</testsuite> <!-- randomData_devEnv.Verify_ProjectSetup_Users -->
