<?xml version="1.0" encoding="UTF-8"?>
<!-- Generated by org.testng.reporters.JUnitReportReporter -->
<testsuite hostname="DESKTOP-AQPPAKT" failures="0" tests="2" name="randomData_devEnv.Verify_ProjectSetup_LeadSource" time="24.185" errors="0" timestamp="2023-05-15T20:34:16 IST" skipped="0">
  <testcase classname="randomData_devEnv.Verify_ProjectSetup_LeadSource" name="addLeadSource" time="12.929"/>
  <system-out/>
  <testcase classname="randomData_devEnv.Verify_ProjectSetup_LeadSource" name="editLeadSource" time="11.256"/>
  <system-out/>
</testsuite> <!-- randomData_devEnv.Verify_ProjectSetup_LeadSource -->
