<?xml version="1.0" encoding="UTF-8"?>
<!-- Generated by org.testng.reporters.JUnitReportReporter -->
<testsuite hostname="DESKTOP-AQPPAKT" failures="0" tests="2" name="randomData_devEnv.Verify_Properties_ProjectBlocks" time="40.364" errors="0" timestamp="2023-05-15T20:34:16 IST" skipped="1">
  <testcase classname="randomData_devEnv.Verify_Properties_ProjectBlocks" name="addProjectBlocks" time="40.364"/>
  <system-out/>
  <testcase classname="randomData_devEnv.Verify_Properties_ProjectBlocks" name="editPropertyArea">
    <skipped/>
  </testcase> <!-- editPropertyArea -->
  <system-out/>
</testsuite> <!-- randomData_devEnv.Verify_Properties_ProjectBlocks -->
