<?xml version="1.0" encoding="UTF-8"?>
<!-- Generated by org.testng.reporters.JUnitReportReporter -->
<testsuite hostname="DESKTOP-AQPPAKT" failures="0" tests="2" name="randomData_devEnv.Verify_Properties_Features" time="23.513" errors="0" timestamp="2023-05-15T20:34:15 IST" skipped="0">
  <testcase classname="randomData_devEnv.Verify_Properties_Features" name="addFeatures" time="9.926"/>
  <system-out/>
  <testcase classname="randomData_devEnv.Verify_Properties_Features" name="editFeatures" time="13.587"/>
  <system-out/>
</testsuite> <!-- randomData_devEnv.Verify_Properties_Features -->
