<?xml version="1.0" encoding="UTF-8"?>
<!-- Generated by org.testng.reporters.JUnitReportReporter -->
<testsuite hostname="DESKTOP-AQPPAKT" failures="0" tests="2" name="rolePermissions.Verify_RolePermissions" time="76.514" errors="0" timestamp="2023-03-28T21:02:28 IST" skipped="0">
  <testcase classname="rolePermissions.Verify_RolePermissions" name="To_check_that_behaviour_of_read_permission_toggle_when_give_Create_permission" time="37.743"/>
  <system-out/>
  <testcase classname="rolePermissions.Verify_RolePermissions" name="To_check_that_behaviour_of_read_permission_toggle_when_give_Update_permission" time="38.771"/>
  <system-out/>
</testsuite> <!-- rolePermissions.Verify_RolePermissions -->
