<?xml version="1.0" encoding="UTF-8"?>
<!-- Generated by org.testng.reporters.JUnitReportReporter -->
<testsuite hostname="DESKTOP-MHD5K99" failures="0" tests="1" name="Parameterization.Verify_LeadSource" time="14.052" errors="0" timestamp="2023-07-22T14:02:54 IST" skipped="0">
  <testcase classname="Parameterization.Verify_LeadSource" name="create_Lead_Source" time="14.052"/>
</testsuite> <!-- Parameterization.Verify_LeadSource -->
