<?xml version="1.0" encoding="UTF-8"?>
<!-- Generated by org.testng.reporters.JUnitReportReporter -->
<testsuite hostname="DESKTOP-AQPPAKT" failures="0" tests="1" name="randomData_devEnv.Verify_LoginPage" time="0.562" errors="0" timestamp="2023-05-15T20:34:15 IST" skipped="0">
  <testcase classname="randomData_devEnv.Verify_LoginPage" name="loginPage" time="0.562"/>
  <system-out/>
</testsuite> <!-- randomData_devEnv.Verify_LoginPage -->
