<?xml version="1.0" encoding="UTF-8"?>
<!-- Generated by org.testng.reporters.JUnitReportReporter -->
<testsuite hostname="DESKTOP-MHD5K99" failures="0" tests="1" name="Parameterization.Verify_Overall_Cost_types" time="12.304" errors="0" timestamp="2023-08-28T21:55:53 IST" skipped="0">
  <testcase classname="Parameterization.Verify_Overall_Cost_types" name="createOverallCostTypes" time="12.304"/>
</testsuite> <!-- Parameterization.Verify_Overall_Cost_types -->
