<?xml version="1.0" encoding="UTF-8"?>
<!-- Generated by org.testng.reporters.JUnitReportReporter -->
<testsuite hostname="DESKTOP-MHD5K99" failures="0" tests="2" name="Regression.Verify_Role" time="26.924" errors="0" timestamp="2023-08-01T19:51:21 IST" skipped="0">
  <testcase classname="Regression.Verify_Role" name="createRole" time="13.873"/>
  <testcase classname="Regression.Verify_Role" name="editRole" time="13.051"/>
</testsuite> <!-- Regression.Verify_Role -->
