<?xml version="1.0" encoding="UTF-8"?>
<!-- Generated by org.testng.reporters.JUnitReportReporter -->
<testsuite hostname="DESKTOP-MHD5K99" failures="0" tests="1" name="Parameterization.Verify_PropertyType" time="23.936" errors="0" timestamp="2023-08-28T21:55:53 IST" skipped="0">
  <testcase classname="Parameterization.Verify_PropertyType" name="createPropertyType" time="23.936"/>
</testsuite> <!-- Parameterization.Verify_PropertyType -->
