<?xml version="1.0" encoding="UTF-8"?>
<!-- Generated by org.testng.reporters.JUnitReportReporter -->
<testsuite hostname="DESKTOP-MHD5K99" failures="0" tests="2" name="Regression.Verify_Properties_Features" time="19.321" errors="0" timestamp="2023-07-19T16:41:30 IST" skipped="0">
  <testcase classname="Regression.Verify_Properties_Features" name="create_feaure" time="9.301"/>
  <testcase classname="Regression.Verify_Properties_Features" name="edit_feature" time="10.020"/>
</testsuite> <!-- Regression.Verify_Properties_Features -->
