<?xml version="1.0" encoding="UTF-8"?>
<!-- Generated by org.testng.reporters.JUnitReportReporter -->
<testsuite hostname="DESKTOP-MHD5K99" failures="0" tests="2" name="Regression.Verify_PropertyType" time="24.294" errors="0" timestamp="2023-08-01T19:51:21 IST" skipped="0">
  <testcase classname="Regression.Verify_PropertyType" name="createPropertyType" time="11.792"/>
  <testcase classname="Regression.Verify_PropertyType" name="editPropertyType" time="12.502"/>
</testsuite> <!-- Regression.Verify_PropertyType -->
