<?xml version="1.0" encoding="UTF-8"?>
<!-- Generated by org.testng.reporters.JUnitReportReporter -->
<testsuite hostname="DESKTOP-AQPPAKT" failures="0" tests="2" name="randomData_devEnv.Verify_Properties_PropertyTypes" time="30.094" errors="0" timestamp="2023-05-15T20:34:16 IST" skipped="0">
  <testcase classname="randomData_devEnv.Verify_Properties_PropertyTypes" name="addProperties" time="18.283"/>
  <system-out/>
  <testcase classname="randomData_devEnv.Verify_Properties_PropertyTypes" name="editProperties" time="11.811"/>
  <system-out/>
</testsuite> <!-- randomData_devEnv.Verify_Properties_PropertyTypes -->
