<?xml version="1.0" encoding="UTF-8"?>
<!-- Generated by org.testng.reporters.JUnitReportReporter -->
<testsuite hostname="DESKTOP-MHD5K99" failures="0" tests="1" name="Regression.Verify_Lead" time="161.344" errors="0" timestamp="2023-07-19T21:55:31 IST" skipped="0">
  <testcase classname="Regression.Verify_Lead" name="createLead" time="161.344"/>
</testsuite> <!-- Regression.Verify_Lead -->
