<?xml version="1.0" encoding="UTF-8"?>
<!-- Generated by org.testng.reporters.JUnitReportReporter -->
<testsuite hostname="DESKTOP-MHD5K99" failures="0" tests="2" name="Regression.Verify_ProjectBlocks" time="31.158" errors="0" timestamp="2023-08-01T19:51:21 IST" skipped="0">
  <testcase classname="Regression.Verify_ProjectBlocks" name="createProjectBlocks" time="19.430"/>
  <testcase classname="Regression.Verify_ProjectBlocks" name="editProjectBlocks" time="11.728"/>
</testsuite> <!-- Regression.Verify_ProjectBlocks -->
