<?xml version="1.0" encoding="UTF-8"?>
<!-- Generated by org.testng.reporters.JUnitReportReporter -->
<testsuite hostname="DESKTOP-MHD5K99" failures="0" tests="2" name="Regression.Verify_ProjectBlocks" time="30.565" errors="0" timestamp="2023-07-19T16:41:30 IST" skipped="0">
  <testcase classname="Regression.Verify_ProjectBlocks" name="createProjectBlocks" time="18.923"/>
  <testcase classname="Regression.Verify_ProjectBlocks" name="editProjectBlocks" time="11.642"/>
</testsuite> <!-- Regression.Verify_ProjectBlocks -->
