<?xml version="1.0" encoding="UTF-8"?>
<!-- Generated by org.testng.reporters.JUnitReportReporter -->
<testsuite hostname="DESKTOP-MHD5K99" failures="0" tests="1" name="Parameterization.Verify_Term_Conditions" time="59.479" errors="0" timestamp="2023-08-28T21:55:53 IST" skipped="0">
  <testcase classname="Parameterization.Verify_Term_Conditions" name="createTermAndConditons" time="59.479"/>
</testsuite> <!-- Parameterization.Verify_Term_Conditions -->
