<?xml version="1.0" encoding="UTF-8"?>
<!-- Generated by org.testng.reporters.JUnitReportReporter -->
<testsuite hostname="DESKTOP-AQPPAKT" failures="0" tests="1" name="randomData_devEnv.Verify_AnalysisReportCount" time="2.989" errors="0" timestamp="2023-04-15T12:33:16 IST" skipped="0">
  <testcase classname="randomData_devEnv.Verify_AnalysisReportCount" name="Count_of_lead_in_case_of_analysis_report_on_dashboard" time="2.989"/>
  <system-out/>
</testsuite> <!-- randomData_devEnv.Verify_AnalysisReportCount -->
