<?xml version="1.0" encoding="UTF-8"?>
<!-- Generated by org.testng.reporters.JUnitReportReporter -->
<testsuite hostname="DESKTOP-MHD5K99" failures="0" tests="1" name="Parameterization.Verify_Properties_Features" time="31.293" errors="0" timestamp="2023-07-22T14:57:09 IST" skipped="0">
  <testcase classname="Parameterization.Verify_Properties_Features" name="create_Lead_Source" time="31.293"/>
</testsuite> <!-- Parameterization.Verify_Properties_Features -->
