<?xml version="1.0" encoding="UTF-8"?>
<!-- Generated by org.testng.reporters.JUnitReportReporter -->
<testsuite hostname="DESKTOP-MHD5K99" failures="0" tests="2" name="Regression.Verify_LeadSource" time="22.152" errors="0" timestamp="2023-08-01T19:51:21 IST" skipped="0">
  <testcase classname="Regression.Verify_LeadSource" name="create_Lead_Source" time="11.125"/>
  <testcase classname="Regression.Verify_LeadSource" name="edit_Lead_Source" time="11.027"/>
</testsuite> <!-- Regression.Verify_LeadSource -->
