<?xml version="1.0" encoding="UTF-8"?>
<!-- Generated by org.testng.reporters.JUnitReportReporter -->
<testsuite hostname="DESKTOP-AQPPAKT" failures="0" tests="2" name="randomData_devEnv.Verify_Properties_PropertyPriceAndStatus" time="769.680" errors="0" timestamp="2023-05-15T20:34:16 IST" skipped="0">
  <testcase classname="randomData_devEnv.Verify_Properties_PropertyPriceAndStatus" name="addProperties" time="757.488"/>
  <system-out/>
  <testcase classname="randomData_devEnv.Verify_Properties_PropertyPriceAndStatus" name="editProperties" time="12.192"/>
  <system-out/>
</testsuite> <!-- randomData_devEnv.Verify_Properties_PropertyPriceAndStatus -->
