<?xml version="1.0" encoding="UTF-8"?>
<!-- Generated by org.testng.reporters.JUnitReportReporter -->
<testsuite hostname="DESKTOP-MHD5K99" failures="0" tests="1" name="practice.Practice" time="0.013" errors="0" timestamp="2023-07-04T14:31:17 IST" skipped="0">
  <testcase classname="practice.Practice" name="unitMeasuement" time="0.013"/>
</testsuite> <!-- practice.Practice -->
