<?xml version="1.0" encoding="UTF-8"?>
<!-- Generated by org.testng.reporters.JUnitReportReporter -->
<testsuite hostname="DESKTOP-MHD5K99" failures="0" tests="2" name="Regression.Verify_Properties_PropertyPriceAndStatus" time="37.325" errors="0" timestamp="2023-07-19T16:41:30 IST" skipped="0">
  <testcase classname="Regression.Verify_Properties_PropertyPriceAndStatus" name="edit_Properties" time="15.127"/>
  <testcase classname="Regression.Verify_Properties_PropertyPriceAndStatus" name="create_Properties" time="22.198"/>
</testsuite> <!-- Regression.Verify_Properties_PropertyPriceAndStatus -->
