<?xml version="1.0" encoding="UTF-8"?>
<!-- Generated by org.testng.reporters.JUnitReportReporter -->
<testsuite hostname="DESKTOP-MHD5K99" failures="0" tests="1" name="Parameterization.Verify_Role" time="38.069" errors="0" timestamp="2023-07-31T15:32:58 IST" skipped="0">
  <testcase classname="Parameterization.Verify_Role" name="createRole" time="38.069"/>
</testsuite> <!-- Parameterization.Verify_Role -->
