<?xml version="1.0" encoding="UTF-8"?>
<!-- Generated by org.testng.reporters.JUnitReportReporter -->
<testsuite hostname="DESKTOP-AQPPAKT" failures="0" tests="3" name="randomData_devEnv.Verify_ProjectSetup_Projects" time="59.754" errors="0" timestamp="2023-05-15T20:34:16 IST" skipped="1">
  <testcase classname="randomData_devEnv.Verify_ProjectSetup_Projects" name="addProjects" time="48.321"/>
  <system-out/>
  <testcase classname="randomData_devEnv.Verify_ProjectSetup_Projects" name="editProject" time="11.433"/>
  <system-out/>
  <testcase classname="randomData_devEnv.Verify_ProjectSetup_Projects" name="assignProjectToUser">
    <skipped/>
  </testcase> <!-- assignProjectToUser -->
  <system-out/>
</testsuite> <!-- randomData_devEnv.Verify_ProjectSetup_Projects -->
