<?xml version="1.0" encoding="UTF-8"?>
<!-- Generated by org.testng.reporters.JUnitReportReporter -->
<testsuite hostname="DESKTOP-MHD5K99" failures="0" tests="2" name="Regression.Verify_ProjectSetup_Projects" time="41.660" errors="0" timestamp="2023-07-19T16:41:30 IST" skipped="0">
  <testcase classname="Regression.Verify_ProjectSetup_Projects" name="Create_DepartmentAndProject" time="29.351"/>
  <testcase classname="Regression.Verify_ProjectSetup_Projects" name="editProject" time="12.309"/>
</testsuite> <!-- Regression.Verify_ProjectSetup_Projects -->
