<?xml version="1.0" encoding="UTF-8"?>
<!-- Generated by org.testng.reporters.JUnitReportReporter -->
<testsuite hostname="DESKTOP-MHD5K99" failures="0" tests="2" name="Regression.Verify_Term_Conditions" time="39.148" errors="0" timestamp="2023-07-19T16:41:30 IST" skipped="0">
  <testcase classname="Regression.Verify_Term_Conditions" name="editTermAndConditons" time="13.432"/>
  <testcase classname="Regression.Verify_Term_Conditions" name="createTermAndConditons" time="25.716"/>
</testsuite> <!-- Regression.Verify_Term_Conditions -->
